c:\users\nguyen hai\source\repos\stt_thi_hovaten_mssv_lop\stt_thi_hovaten_mssv_lop_bai3-vd2\x64\debug\vc142.pdb
c:\users\nguyen hai\source\repos\stt_thi_hovaten_mssv_lop\stt_thi_hovaten_mssv_lop_bai3-vd2\x64\debug\vc142.idb
c:\users\nguyen hai\source\repos\stt_thi_hovaten_mssv_lop\stt_thi_hovaten_mssv_lop_bai3-vd2\x64\debug\shader.obj
c:\users\nguyen hai\source\repos\stt_thi_hovaten_mssv_lop\stt_thi_hovaten_mssv_lop_bai3-vd2\x64\debug\bai3.obj
c:\users\nguyen hai\source\repos\stt_thi_hovaten_mssv_lop\stt_thi_hovaten_mssv_lop_bai3-vd2\x64\debug\camera.obj
c:\users\nguyen hai\source\repos\stt_thi_hovaten_mssv_lop\x64\debug\stt_thi_hovaten_mssv_lop_bai3-vd2.exe
c:\users\nguyen hai\source\repos\stt_thi_hovaten_mssv_lop\stt_thi_hovaten_mssv_lop_bai3-vd2\x64\debug\stt_thi_hovaten_mssv_lop_bai3-vd2.ilk
c:\users\nguyen hai\source\repos\stt_thi_hovaten_mssv_lop\x64\debug\stt_thi_hovaten_mssv_lop_bai3-vd2.pdb
f:\cuaoe\onedrive\máy tính\stt_thi_hovaten_mssv_lop\stt_thi_hovaten_mssv_lop\stt_thi_hovaten_mssv_lop_bai3-vd2\x64\debug\bai3.obj
f:\cuaoe\onedrive\máy tính\stt_thi_hovaten_mssv_lop\stt_thi_hovaten_mssv_lop\stt_thi_hovaten_mssv_lop_bai3-vd2\x64\debug\camera.obj
f:\cuaoe\onedrive\máy tính\stt_thi_hovaten_mssv_lop\stt_thi_hovaten_mssv_lop\stt_thi_hovaten_mssv_lop_bai3-vd2\x64\debug\shader.obj
f:\cuaoe\onedrive\máy tính\stt_thi_hovaten_mssv_lop\stt_thi_hovaten_mssv_lop\stt_thi_hovaten_mssv_lop_bai3-vd2\x64\debug\stt_thi_hovaten_mssv_lop_bai3-vd2.ilk
f:\cuaoe\onedrive\máy tính\stt_thi_hovaten_mssv_lop\stt_thi_hovaten_mssv_lop\stt_thi_hovaten_mssv_lop_bai3-vd2\x64\debug\vc142.idb
f:\cuaoe\onedrive\máy tính\stt_thi_hovaten_mssv_lop\stt_thi_hovaten_mssv_lop\stt_thi_hovaten_mssv_lop_bai3-vd2\x64\debug\vc142.pdb
f:\cuaoe\onedrive\máy tính\stt_thi_hovaten_mssv_lop\stt_thi_hovaten_mssv_lop\x64\debug\stt_thi_hovaten_mssv_lop_bai3-vd2.pdb
f:\cuaoe\onedrive\máy tính\stt_thi_hovaten_mssv_lop\stt_thi_hovaten_mssv_lop\x64\debug\stt_thi_hovaten_mssv_lop_bai3-vd2.exe
f:\cuaoe\onedrive\máy tính\stt_thi_hovaten_mssv_lop\stt_thi_hovaten_mssv_lop\stt_thi_hovaten_mssv_lop_bai3-vd2\x64\debug\stt_thi_.efab145a.tlog\cl.command.1.tlog
f:\cuaoe\onedrive\máy tính\stt_thi_hovaten_mssv_lop\stt_thi_hovaten_mssv_lop\stt_thi_hovaten_mssv_lop_bai3-vd2\x64\debug\stt_thi_.efab145a.tlog\cl.read.1.tlog
f:\cuaoe\onedrive\máy tính\stt_thi_hovaten_mssv_lop\stt_thi_hovaten_mssv_lop\stt_thi_hovaten_mssv_lop_bai3-vd2\x64\debug\stt_thi_.efab145a.tlog\cl.write.1.tlog
f:\cuaoe\onedrive\máy tính\stt_thi_hovaten_mssv_lop\stt_thi_hovaten_mssv_lop\stt_thi_hovaten_mssv_lop_bai3-vd2\x64\debug\stt_thi_.efab145a.tlog\link.command.1.tlog
f:\cuaoe\onedrive\máy tính\stt_thi_hovaten_mssv_lop\stt_thi_hovaten_mssv_lop\stt_thi_hovaten_mssv_lop_bai3-vd2\x64\debug\stt_thi_.efab145a.tlog\link.read.1.tlog
f:\cuaoe\onedrive\máy tính\stt_thi_hovaten_mssv_lop\stt_thi_hovaten_mssv_lop\stt_thi_hovaten_mssv_lop_bai3-vd2\x64\debug\stt_thi_.efab145a.tlog\link.write.1.tlog
